# JRE version: OpenJDK Runtime Environment Temurin-21.0.11+10 (21.0.11+10) (build 21.0.11+10-LTS)
# Java VM: OpenJDK 64-Bit Server VM Temurin-21.0.11+10 (21.0.11+10-LTS, mixed mode, sharing, tiered, compressed oops, compressed class ptrs, parallel gc, windows-amd64)
GC Precious Log:
 CardTable entry size: 512
 CPUs: 4 total, 4 available
 Memory: 16300M
 Large Page Support: Disabled
 NUMA Support: Disabled
 Compressed Oops: Enabled (32-bit)
 Alignments: Space 512K, Generation 512K, Heap 2M
 Heap Min Capacity: 100M
 Heap Initial Capacity: 100M
 Heap Max Capacity: 2G
 Pre-touch: Disabled
 Parallel Workers: 4
Heap:
 PSYoungGen      total 1536K, used 358K [0x00000000d5580000, 0x00000000d5a80000, 0x0000000100000000)
  eden space 1024K, 25% used [0x00000000d5580000,0x00000000d55c1bd8,0x00000000d5680000)
  from space 512K, 18% used [0x00000000d5a00000,0x00000000d5a18000,0x00000000d5a80000)
  to   space 512K, 0% used [0x00000000d5980000,0x00000000d5980000,0x00000000d5a00000)
 ParOldGen       total 1011200K, used 214877K [0x0000000080000000, 0x00000000bdb80000, 0x00000000d5580000)
  object space 1011200K, 21% used [0x0000000080000000,0x000000008d1d7548,0x00000000bdb80000)
 Metaspace       used 89620K, committed 91328K, reserved 1179648K
  class space    used 9074K, committed 9920K, reserved 1048576K
GC Heap History (20 events):
Event: 5582.094 GC heap before
{Heap before GC invocations=1940 (full 5):
 PSYoungGen      total 1536K, used 1152K [0x00000000d5580000, 0x00000000d5a80000, 0x0000000100000000)
  eden space 1024K, 100% used [0x00000000d5580000,0x00000000d5680000,0x00000000d5680000)
  from space 512K, 25% used [0x00000000d5a00000,0x00000000d5a20000,0x00000000d5a80000)
  to   space 512K, 0% used [0x00000000d5980000,0x00000000d5980000,0x00000000d5a00000)
 ParOldGen       total 1011200K, used 214549K [0x0000000080000000, 0x00000000bdb80000, 0x00000000d5580000)
  object space 1011200K, 21% used [0x0000000080000000,0x000000008d185548,0x00000000bdb80000)
 Metaspace       used 89603K, committed 91328K, reserved 1179648K
  class space    used 9074K, committed 9920K, reserved 1048576K
}
Event: 5582.094 GC heap after
{Heap after GC invocations=1940 (full 5):
 PSYoungGen      total 1536K, used 128K [0x00000000d5580000, 0x00000000d5a80000, 0x0000000100000000)
  eden space 1024K, 0% used [0x00000000d5580000,0x00000000d5580000,0x00000000d5680000)
  from space 512K, 25% used [0x00000000d5980000,0x00000000d59a0000,0x00000000d5a00000)
  to   space 512K, 0% used [0x00000000d5a00000,0x00000000d5a00000,0x00000000d5a80000)
 ParOldGen       total 1011200K, used 214565K [0x0000000080000000, 0x00000000bdb80000, 0x00000000d5580000)
  object space 1011200K, 21% used [0x0000000080000000,0x000000008d189548,0x00000000bdb80000)
 Metaspace       used 89603K, committed 91328K, reserved 1179648K
  class space    used 9074K, committed 9920K, reserved 1048576K
}
Event: 5582.305 GC heap before
{Heap before GC invocations=1941 (full 5):
 PSYoungGen      total 1536K, used 1138K [0x00000000d5580000, 0x00000000d5a80000, 0x0000000100000000)
  eden space 1024K, 98% used [0x00000000d5580000,0x00000000d567ca60,0x00000000d5680000)
  from space 512K, 25% used [0x00000000d5980000,0x00000000d59a0000,0x00000000d5a00000)
  to   space 512K, 0% used [0x00000000d5a00000,0x00000000d5a00000,0x00000000d5a80000)
 ParOldGen       total 1011200K, used 214565K [0x0000000080000000, 0x00000000bdb80000, 0x00000000d5580000)
  object space 1011200K, 21% used [0x0000000080000000,0x000000008d189548,0x00000000bdb80000)
 Metaspace       used 89603K, committed 91328K, reserved 1179648K
  class space    used 9074K, committed 9920K, reserved 1048576K
}
Event: 5582.306 GC heap after
{Heap after GC invocations=1941 (full 5):
 PSYoungGen      total 1536K, used 128K [0x00000000d5580000, 0x00000000d5a80000, 0x0000000100000000)
  eden space 1024K, 0% used [0x00000000d5580000,0x00000000d5580000,0x00000000d5680000)
  from space 512K, 25% used [0x00000000d5a00000,0x00000000d5a20000,0x00000000d5a80000)
  to   space 512K, 0% used [0x00000000d5980000,0x00000000d5980000,0x00000000d5a00000)
 ParOldGen       total 1011200K, used 214589K [0x0000000080000000, 0x00000000bdb80000, 0x00000000d5580000)
  object space 1011200K, 21% used [0x0000000080000000,0x000000008d18f548,0x00000000bdb80000)
 Metaspace       used 89603K, committed 91328K, reserved 1179648K
  class space    used 9074K, committed 9920K, reserved 1048576K
}
Event: 5582.510 GC heap before
{Heap before GC invocations=1942 (full 5):
 PSYoungGen      total 1536K, used 1152K [0x00000000d5580000, 0x00000000d5a80000, 0x0000000100000000)
  eden space 1024K, 100% used [0x00000000d5580000,0x00000000d5680000,0x00000000d5680000)
  from space 512K, 25% used [0x00000000d5a00000,0x00000000d5a20000,0x00000000d5a80000)
  to   space 512K, 0% used [0x00000000d5980000,0x00000000d5980000,0x00000000d5a00000)
 ParOldGen       total 1011200K, used 214589K [0x0000000080000000, 0x00000000bdb80000, 0x00000000d5580000)
  object space 1011200K, 21% used [0x0000000080000000,0x000000008d18f548,0x00000000bdb80000)
 Metaspace       used 89603K, committed 91328K, reserved 1179648K
  class space    used 9074K, committed 9920K, reserved 1048576K
}
Event: 5582.512 GC heap after
{Heap after GC invocations=1942 (full 5):
 PSYoungGen      total 1536K, used 128K [0x00000000d5580000, 0x00000000d5a80000, 0x0000000100000000)
  eden space 1024K, 0% used [0x00000000d5580000,0x00000000d5580000,0x00000000d5680000)
  from space 512K, 25% used [0x00000000d5980000,0x00000000d59a0000,0x00000000d5a00000)
  to   space 512K, 0% used [0x00000000d5a00000,0x00000000d5a00000,0x00000000d5a80000)
 ParOldGen       total 1011200K, used 214621K [0x0000000080000000, 0x00000000bdb80000, 0x00000000d5580000)
  object space 1011200K, 21% used [0x0000000080000000,0x000000008d197548,0x00000000bdb80000)
 Metaspace       used 89603K, committed 91328K, reserved 1179648K
  class space    used 9074K, committed 9920K, reserved 1048576K
}
Event: 5582.683 GC heap before
{Heap before GC invocations=1943 (full 5):
 PSYoungGen      total 1536K, used 1149K [0x00000000d5580000, 0x00000000d5a80000, 0x0000000100000000)
  eden space 1024K, 99% used [0x00000000d5580000,0x00000000d567f740,0x00000000d5680000)
  from space 512K, 25% used [0x00000000d5980000,0x00000000d59a0000,0x00000000d5a00000)
  to   space 512K, 0% used [0x00000000d5a00000,0x00000000d5a00000,0x00000000d5a80000)
 ParOldGen       total 1011200K, used 214621K [0x0000000080000000, 0x00000000bdb80000, 0x00000000d5580000)
  object space 1011200K, 21% used [0x0000000080000000,0x000000008d197548,0x00000000bdb80000)
 Metaspace       used 89606K, committed 91328K, reserved 1179648K
  class space    used 9074K, committed 9920K, reserved 1048576K
}
Event: 5582.683 GC heap after
{Heap after GC invocations=1943 (full 5):
 PSYoungGen      total 1536K, used 128K [0x00000000d5580000, 0x00000000d5a80000, 0x0000000100000000)
  eden space 1024K, 0% used [0x00000000d5580000,0x00000000d5580000,0x00000000d5680000)
  from space 512K, 25% used [0x00000000d5a00000,0x00000000d5a20000,0x00000000d5a80000)
  to   space 512K, 0% used [0x00000000d5980000,0x00000000d5980000,0x00000000d5a00000)
 ParOldGen       total 1011200K, used 214661K [0x0000000080000000, 0x00000000bdb80000, 0x00000000d5580000)
  object space 1011200K, 21% used [0x0000000080000000,0x000000008d1a1548,0x00000000bdb80000)
 Metaspace       used 89606K, committed 91328K, reserved 1179648K
  class space    used 9074K, committed 9920K, reserved 1048576K
}
Event: 5582.711 GC heap before
{Heap before GC invocations=1944 (full 5):
 PSYoungGen      total 1536K, used 1152K [0x00000000d5580000, 0x00000000d5a80000, 0x0000000100000000)
  eden space 1024K, 100% used [0x00000000d5580000,0x00000000d5680000,0x00000000d5680000)
  from space 512K, 25% used [0x00000000d5a00000,0x00000000d5a20000,0x00000000d5a80000)
  to   space 512K, 0% used [0x00000000d5980000,0x00000000d5980000,0x00000000d5a00000)
 ParOldGen       total 1011200K, used 214661K [0x0000000080000000, 0x00000000bdb80000, 0x00000000d5580000)
  object space 1011200K, 21% used [0x0000000080000000,0x000000008d1a1548,0x00000000bdb80000)
 Metaspace       used 89606K, committed 91328K, reserved 1179648K
  class space    used 9074K, committed 9920K, reserved 1048576K
}
Event: 5582.712 GC heap after
{Heap after GC invocations=1944 (full 5):
 PSYoungGen      total 1536K, used 128K [0x00000000d5580000, 0x00000000d5a80000, 0x0000000100000000)
  eden space 1024K, 0% used [0x00000000d5580000,0x00000000d5580000,0x00000000d5680000)
  from space 512K, 25% used [0x00000000d5980000,0x00000000d59a0000,0x00000000d5a00000)
  to   space 512K, 0% used [0x00000000d5a00000,0x00000000d5a00000,0x00000000d5a80000)
 ParOldGen       total 1011200K, used 214677K [0x0000000080000000, 0x00000000bdb80000, 0x00000000d5580000)
  object space 1011200K, 21% used [0x0000000080000000,0x000000008d1a5548,0x00000000bdb80000)
 Metaspace       used 89606K, committed 91328K, reserved 1179648K
  class space    used 9074K, committed 9920K, reserved 1048576K
}
Event: 5583.006 GC heap before
{Heap before GC invocations=1945 (full 5):
 PSYoungGen      total 1536K, used 1152K [0x00000000d5580000, 0x00000000d5a80000, 0x0000000100000000)
  eden space 1024K, 100% used [0x00000000d5580000,0x00000000d5680000,0x00000000d5680000)
  from space 512K, 25% used [0x00000000d5980000,0x00000000d59a0000,0x00000000d5a00000)
  to   space 512K, 0% used [0x00000000d5a00000,0x00000000d5a00000,0x00000000d5a80000)
 ParOldGen       total 1011200K, used 214677K [0x0000000080000000, 0x00000000bdb80000, 0x00000000d5580000)
  object space 1011200K, 21% used [0x0000000080000000,0x000000008d1a5548,0x00000000bdb80000)
 Metaspace       used 89607K, committed 91328K, reserved 1179648K
  class space    used 9074K, committed 9920K, reserved 1048576K
}
Event: 5583.011 GC heap after
{Heap after GC invocations=1945 (full 5):
 PSYoungGen      total 1536K, used 432K [0x00000000d5580000, 0x00000000d5a80000, 0x0000000100000000)
  eden space 1024K, 0% used [0x00000000d5580000,0x00000000d5580000,0x00000000d5680000)
  from space 512K, 84% used [0x00000000d5a00000,0x00000000d5a6c010,0x00000000d5a80000)
  to   space 512K, 0% used [0x00000000d5980000,0x00000000d5980000,0x00000000d5a00000)
 ParOldGen       total 1011200K, used 214701K [0x0000000080000000, 0x00000000bdb80000, 0x00000000d5580000)
  object space 1011200K, 21% used [0x0000000080000000,0x000000008d1ab548,0x00000000bdb80000)
 Metaspace       used 89607K, committed 91328K, reserved 1179648K
  class space    used 9074K, committed 9920K, reserved 1048576K
}
Event: 5583.032 GC heap before
{Heap before GC invocations=1946 (full 5):
 PSYoungGen      total 1536K, used 1455K [0x00000000d5580000, 0x00000000d5a80000, 0x0000000100000000)
  eden space 1024K, 99% used [0x00000000d5580000,0x00000000d567ffd0,0x00000000d5680000)
  from space 512K, 84% used [0x00000000d5a00000,0x00000000d5a6c010,0x00000000d5a80000)
  to   space 512K, 0% used [0x00000000d5980000,0x00000000d5980000,0x00000000d5a00000)
 ParOldGen       total 1011200K, used 214701K [0x0000000080000000, 0x00000000bdb80000, 0x00000000d5580000)
  object space 1011200K, 21% used [0x0000000080000000,0x000000008d1ab548,0x00000000bdb80000)
 Metaspace       used 89607K, committed 91328K, reserved 1179648K
  class space    used 9074K, committed 9920K, reserved 1048576K
}
Event: 5583.033 GC heap after
{Heap after GC invocations=1946 (full 5):
 PSYoungGen      total 1536K, used 128K [0x00000000d5580000, 0x00000000d5a80000, 0x0000000100000000)
  eden space 1024K, 0% used [0x00000000d5580000,0x00000000d5580000,0x00000000d5680000)
  from space 512K, 25% used [0x00000000d5980000,0x00000000d59a0000,0x00000000d5a00000)
  to   space 512K, 0% used [0x00000000d5a00000,0x00000000d5a00000,0x00000000d5a80000)
 ParOldGen       total 1011200K, used 214765K [0x0000000080000000, 0x00000000bdb80000, 0x00000000d5580000)
  object space 1011200K, 21% used [0x0000000080000000,0x000000008d1bb548,0x00000000bdb80000)
 Metaspace       used 89607K, committed 91328K, reserved 1179648K
  class space    used 9074K, committed 9920K, reserved 1048576K
}
Event: 5583.050 GC heap before
{Heap before GC invocations=1947 (full 5):
 PSYoungGen      total 1536K, used 1152K [0x00000000d5580000, 0x00000000d5a80000, 0x0000000100000000)
  eden space 1024K, 100% used [0x00000000d5580000,0x00000000d5680000,0x00000000d5680000)
  from space 512K, 25% used [0x00000000d5980000,0x00000000d59a0000,0x00000000d5a00000)
  to   space 512K, 0% used [0x00000000d5a00000,0x00000000d5a00000,0x00000000d5a80000)
 ParOldGen       total 1011200K, used 214765K [0x0000000080000000, 0x00000000bdb80000, 0x00000000d5580000)
  object space 1011200K, 21% used [0x0000000080000000,0x000000008d1bb548,0x00000000bdb80000)
 Metaspace       used 89607K, committed 91328K, reserved 1179648K
  class space    used 9074K, committed 9920K, reserved 1048576K
}
Event: 5583.051 GC heap after
{Heap after GC invocations=1947 (full 5):
 PSYoungGen      total 1536K, used 128K [0x00000000d5580000, 0x00000000d5a80000, 0x0000000100000000)
  eden space 1024K, 0% used [0x00000000d5580000,0x00000000d5580000,0x00000000d5680000)
  from space 512K, 25% used [0x00000000d5a00000,0x00000000d5a20000,0x00000000d5a80000)
  to   space 512K, 0% used [0x00000000d5980000,0x00000000d5980000,0x00000000d5a00000)
 ParOldGen       total 1011200K, used 214821K [0x0000000080000000, 0x00000000bdb80000, 0x00000000d5580000)
  object space 1011200K, 21% used [0x0000000080000000,0x000000008d1c9548,0x00000000bdb80000)
 Metaspace       used 89607K, committed 91328K, reserved 1179648K
  class space    used 9074K, committed 9920K, reserved 1048576K
}
Event: 5585.842 GC heap before
{Heap before GC invocations=1948 (full 5):
 PSYoungGen      total 1536K, used 1151K [0x00000000d5580000, 0x00000000d5a80000, 0x0000000100000000)
  eden space 1024K, 99% used [0x00000000d5580000,0x00000000d567ffb8,0x00000000d5680000)
  from space 512K, 25% used [0x00000000d5a00000,0x00000000d5a20000,0x00000000d5a80000)
  to   space 512K, 0% used [0x00000000d5980000,0x00000000d5980000,0x00000000d5a00000)
 ParOldGen       total 1011200K, used 214821K [0x0000000080000000, 0x00000000bdb80000, 0x00000000d5580000)
  object space 1011200K, 21% used [0x0000000080000000,0x000000008d1c9548,0x00000000bdb80000)
 Metaspace       used 89608K, committed 91328K, reserved 1179648K
  class space    used 9074K, committed 9920K, reserved 1048576K
}
Event: 5585.843 GC heap after
{Heap after GC invocations=1948 (full 5):
 PSYoungGen      total 1536K, used 128K [0x00000000d5580000, 0x00000000d5a80000, 0x0000000100000000)
  eden space 1024K, 0% used [0x00000000d5580000,0x00000000d5580000,0x00000000d5680000)
  from space 512K, 25% used [0x00000000d5980000,0x00000000d59a0000,0x00000000d5a00000)
  to   space 512K, 0% used [0x00000000d5a00000,0x00000000d5a00000,0x00000000d5a80000)
 ParOldGen       total 1011200K, used 214845K [0x0000000080000000, 0x00000000bdb80000, 0x00000000d5580000)
  object space 1011200K, 21% used [0x0000000080000000,0x000000008d1cf548,0x00000000bdb80000)
 Metaspace       used 89608K, committed 91328K, reserved 1179648K
  class space    used 9074K, committed 9920K, reserved 1048576K
}
Event: 5742.271 GC heap before
{Heap before GC invocations=1949 (full 5):
 PSYoungGen      total 1536K, used 1152K [0x00000000d5580000, 0x00000000d5a80000, 0x0000000100000000)
  eden space 1024K, 100% used [0x00000000d5580000,0x00000000d5680000,0x00000000d5680000)
  from space 512K, 25% used [0x00000000d5980000,0x00000000d59a0000,0x00000000d5a00000)
  to   space 512K, 0% used [0x00000000d5a00000,0x00000000d5a00000,0x00000000d5a80000)
 ParOldGen       total 1011200K, used 214845K [0x0000000080000000, 0x00000000bdb80000, 0x00000000d5580000)
  object space 1011200K, 21% used [0x0000000080000000,0x000000008d1cf548,0x00000000bdb80000)
 Metaspace       used 89611K, committed 91328K, reserved 1179648K
  class space    used 9074K, committed 9920K, reserved 1048576K
}
Event: 5742.272 GC heap after
{Heap after GC invocations=1949 (full 5):
 PSYoungGen      total 1536K, used 96K [0x00000000d5580000, 0x00000000d5a80000, 0x0000000100000000)
  eden space 1024K, 0% used [0x00000000d5580000,0x00000000d5580000,0x00000000d5680000)
  from space 512K, 18% used [0x00000000d5a00000,0x00000000d5a18000,0x00000000d5a80000)
  to   space 512K, 0% used [0x00000000d5980000,0x00000000d5980000,0x00000000d5a00000)
 ParOldGen       total 1011200K, used 214877K [0x0000000080000000, 0x00000000bdb80000, 0x00000000d5580000)
  object space 1011200K, 21% used [0x0000000080000000,0x000000008d1d7548,0x00000000bdb80000)
 Metaspace       used 89611K, committed 91328K, reserved 1179648K
  class space    used 9074K, committed 9920K, reserved 1048576K
}

